<?xml version="1.0" encoding="UTF-8"?>
<!-- Generated by org.testng.reporters.JUnitReportReporter -->
<testsuite hostname="LTIN365451" failures="0" tests="2" name="com.maven.MavenTutorial.Tests" time="0.003" errors="0" timestamp="2024-06-14T13:15:17 IST" skipped="0">
  <testcase classname="com.maven.MavenTutorial.Tests" name="test2" time="0.002"/>
  <testcase classname="com.maven.MavenTutorial.Tests" name="test1" time="0.001"/>
</testsuite> <!-- com.maven.MavenTutorial.Tests -->
