<?xml version="1.0" encoding="UTF-8"?>
<!-- Generated by org.testng.reporters.JUnitReportReporter -->
<testsuite hostname="LTIN365451" failures="0" tests="2" name="com.maven.MavenTutorial.Tests" time="0.000" errors="0" timestamp="2024-06-20T13:39:08 IST" skipped="0">
  <testcase classname="com.maven.MavenTutorial.Tests" name="test1" time="0.000"/>
  <testcase classname="com.maven.MavenTutorial.Tests" name="test2" time="0.000"/>
</testsuite> <!-- com.maven.MavenTutorial.Tests -->
